25/10/2023 15:53:10;::1;/home
25/10/2023 15:53:24;::1;/
25/10/2023 15:57:54;::1;/
25/10/2023 15:57:56;::1;/error-404
25/10/2023 15:58:15;::1;/error-404
25/10/2023 15:58:16;::1;/home
25/10/2023 16:01:09;::1;/home
25/10/2023 16:01:09;::1;/favicon.ico
25/10/2023 16:01:40;::1;/home
25/10/2023 16:03:13;::1;/home
25/10/2023 16:03:16;::1;/error-404
25/10/2023 16:03:17;::1;/home
25/10/2023 16:04:07;::1;/home
25/10/2023 16:04:08;::1;/home
25/10/2023 16:04:11;::1;/error-404
25/10/2023 16:04:13;::1;/home
25/10/2023 16:05:26;::1;/home
25/10/2023 16:05:28;::1;/login
25/10/2023 16:05:37;::1;/home
25/10/2023 16:05:41;::1;/error-404
25/10/2023 16:05:43;::1;/home
25/10/2023 16:05:56;::1;/tables-general.html
25/10/2023 16:05:56;::1;/favicon.ico
25/10/2023 16:05:58;::1;/home
25/10/2023 16:07:07;::1;/home
25/10/2023 16:08:35;::1;/home
25/10/2023 16:08:38;::1;/index.html
25/10/2023 16:08:38;::1;/favicon.ico
25/10/2023 16:08:40;::1;/home
25/10/2023 16:08:41;::1;/home
25/10/2023 16:08:55;::1;/home
25/10/2023 16:09:21;::1;/home
25/10/2023 16:09:22;::1;/home
25/10/2023 16:09:23;::1;/home
25/10/2023 16:10:02;::1;/users-profile.html
25/10/2023 16:10:02;::1;/favicon.ico
25/10/2023 16:10:04;::1;/home
25/10/2023 16:16:27;::1;/home
25/10/2023 16:16:27;::1;/favicon.ico
25/10/2023 16:16:43;::1;/home
25/10/2023 16:16:46;::1;/home
25/10/2023 16:16:47;::1;/home
25/10/2023 16:16:48;::1;/login
25/10/2023 16:16:50;::1;/home
25/10/2023 16:16:51;::1;/error-404
25/10/2023 16:16:52;::1;/home
25/10/2023 16:20:09;::1;/home
25/10/2023 16:24:53;::1;/home
25/10/2023 16:24:55;::1;/home
25/10/2023 16:24:56;::1;/home
25/10/2023 16:25:01;::1;/login
25/10/2023 16:25:03;::1;/home
25/10/2023 16:25:04;::1;/error-404
25/10/2023 16:25:06;::1;/home
25/10/2023 16:25:08;::1;/users-profile.html
25/10/2023 16:25:08;::1;/favicon.ico
25/10/2023 16:25:10;::1;/home
25/10/2023 16:25:45;::1;/home
25/10/2023 16:25:47;::1;/user-profile
25/10/2023 16:25:50;::1;/user-profile
25/10/2023 16:25:52;::1;/user-profile
25/10/2023 16:26:05;::1;/user-profile?
25/10/2023 16:26:14;::1;/login
25/10/2023 16:26:20;::1;/user-profile?
25/10/2023 16:27:12;::1;/home
25/10/2023 16:27:15;::1;/error-404
25/10/2023 16:27:24;::1;/home
25/10/2023 16:31:16;::1;/home
25/10/2023 16:31:18;::1;/login
25/10/2023 16:31:37;::1;/home
25/10/2023 16:31:39;::1;/error-404
25/10/2023 16:32:24;::1;/home
25/10/2023 16:32:25;::1;/login
25/10/2023 16:32:35;::1;/home
25/10/2023 16:36:43;::1;/home
25/10/2023 16:36:44;::1;/home
25/10/2023 16:36:47;::1;/login
25/10/2023 16:36:49;::1;/home
25/10/2023 16:37:27;::1;/home
25/10/2023 16:37:28;::1;/home
26/10/2023 11:23:57;::1;/
26/10/2023 11:24:06;::1;/tables-general.html
26/10/2023 11:24:06;::1;/favicon.ico
26/10/2023 11:24:08;::1;/
26/10/2023 11:25:17;::1;/
26/10/2023 11:25:22;::1;/forms-elements.html
26/10/2023 11:25:24;::1;/home
26/10/2023 11:25:27;::1;/tables-general.html
26/10/2023 11:25:29;::1;/home
30/10/2023 21:07:38;::1;/home
30/10/2023 21:07:45;::1;/home
30/10/2023 21:07:50;::1;/components-alerts.html
30/10/2023 21:07:52;::1;/home
30/10/2023 21:08:00;::1;/login
30/10/2023 21:08:24;::1;/login
30/10/2023 21:08:25;::1;/favicon.ico
30/10/2023 21:08:36;::1;/favicon.ico
30/10/2023 21:11:14;::1;/login?username=alain.cuisenier%40gmail.com&password=kkk
30/10/2023 21:11:50;::1;/home
30/10/2023 21:11:59;::1;/user-profile
30/10/2023 21:13:11;::1;/home
30/10/2023 21:13:44;::1;/pages-blank.html
30/10/2023 21:13:46;::1;/home
30/10/2023 21:15:02;::1;/home
